Start testing: Jul 23 12:50 MST
----------------------------------------------------------
1/1 Testing: high-scores_test
1/1 Test: high-scores_test
Command: "/home/colin/zcode/exercism/fortran/high-scores/high-scores"
Directory: /home/colin/zcode/exercism/fortran/high-scores
"high-scores_test" start time: Jul 23 12:50 MST
Output:
----------------------------------------------------------
 Test summary: 0 of 8 tests failed
STOP 0
<end of output>
Test time =   0.01 sec
----------------------------------------------------------
Test Passed.
"high-scores_test" end time: Jul 23 12:50 MST
"high-scores_test" time elapsed: 00:00:00
----------------------------------------------------------

End testing: Jul 23 12:50 MST
