Start testing: Jul 23 11:34 MST
----------------------------------------------------------
1/1 Testing: bob_test
1/1 Test: bob_test
Command: "/home/colin/zcode/exercism/fortran/bob/bob"
Directory: /home/colin/zcode/exercism/fortran/bob
"bob_test" start time: Jul 23 11:34 MST
Output:
----------------------------------------------------------
 Test summary: 0 of 23 tests failed
STOP 0
<end of output>
Test time =   0.01 sec
----------------------------------------------------------
Test Passed.
"bob_test" end time: Jul 23 11:34 MST
"bob_test" time elapsed: 00:00:00
----------------------------------------------------------

End testing: Jul 23 11:34 MST
