Start testing: Jul 23 09:31 MST
----------------------------------------------------------
1/1 Testing: difference-of-squares_test
1/1 Test: difference-of-squares_test
Command: "/home/colin/zcode/exercism/fortran/difference-of-squares/difference-of-squares"
Directory: /home/colin/zcode/exercism/fortran/difference-of-squares
"difference-of-squares_test" start time: Jul 23 09:31 MST
Output:
----------------------------------------------------------
 Test summary: 0 of 9 tests failed
STOP 0
<end of output>
Test time =   0.00 sec
----------------------------------------------------------
Test Passed.
"difference-of-squares_test" end time: Jul 23 09:31 MST
"difference-of-squares_test" time elapsed: 00:00:00
----------------------------------------------------------

End testing: Jul 23 09:31 MST
